{
  "stats": {
    "suites": 1,
    "tests": 1,
    "passes": 1,
    "pending": 0,
    "failures": 0,
    "start": "2020-06-14T16:53:58.513Z",
    "end": "2020-06-14T16:54:02.196Z",
    "duration": 3683,
    "testsRegistered": 1,
    "passPercent": 100,
    "pendingPercent": 0,
    "other": 0,
    "hasOther": false,
    "skipped": 0,
    "hasSkipped": false
  },
  "results": [
    {
      "uuid": "9d7d82cf-37ae-4990-8edb-e61d388afacb",
      "title": "",
      "fullFile": "",
      "file": "",
      "beforeHooks": [],
      "afterHooks": [],
      "tests": [],
      "suites": [
        {
          "uuid": "d139251b-259c-43be-8720-540391b040fd",
          "title": "End to End Test Suite",
          "fullFile": "/Users/jgt/Documents/Projects/misc/selenium-mocha-boilerplate/e2e/tests.js",
          "file": "/e2e/tests.js",
          "beforeHooks": [
            {
              "title": "\"before all\" hook",
              "fullTitle": "End to End Test Suite \"before all\" hook",
              "timedOut": false,
              "duration": 3620,
              "state": null,
              "speed": null,
              "pass": false,
              "fail": false,
              "pending": false,
              "context": null,
              "code": "console.log('Before everything login to the page');\ndriver.get('http://localhost:3003').then(function(res) {\n  driver\n    .findElement(By.id('username'))\n    .sendKeys('cuneyt')\n    .then(() => driver.findElement(By.id('password')).sendKeys('sifre123'))\n    .then(() => driver.findElement(By.id('btn')).click())\n    .then(() => {\n      driver.wait(until.elementLocated(By.id('message'))).then(() => {\n        done();\n      });\n    });\n});",
              "err": {},
              "uuid": "99c0da03-579f-4b59-9058-7cdc389ad9bb",
              "parentUUID": "d139251b-259c-43be-8720-540391b040fd",
              "isHook": true,
              "skipped": false
            }
          ],
          "afterHooks": [],
          "tests": [
            {
              "title": "can read welcome message",
              "fullTitle": "End to End Test Suite can read welcome message",
              "timedOut": false,
              "duration": 57,
              "state": "passed",
              "speed": "medium",
              "pass": true,
              "fail": false,
              "pending": false,
              "context": null,
              "code": "console.log('Ready to read welcome message');\nreturn expect(driver.findElement(By.id('message')).getAttribute('innerHTML')).to.eventually.contain(\n  'Welcome to my page!'\n);",
              "err": {},
              "uuid": "575648da-4a55-4d3f-8923-677e7ff4a596",
              "parentUUID": "d139251b-259c-43be-8720-540391b040fd",
              "isHook": false,
              "skipped": false
            }
          ],
          "suites": [],
          "passes": [
            "575648da-4a55-4d3f-8923-677e7ff4a596"
          ],
          "failures": [],
          "pending": [],
          "skipped": [],
          "duration": 57,
          "root": false,
          "rootEmpty": false,
          "_timeout": 20000
        }
      ],
      "passes": [],
      "failures": [],
      "pending": [],
      "skipped": [],
      "duration": 0,
      "root": true,
      "rootEmpty": true,
      "_timeout": 20000
    }
  ],
  "meta": {
    "mocha": {
      "version": "8.0.1"
    },
    "mochawesome": {
      "options": {
        "quiet": false,
        "reportFilename": "mochawesome",
        "saveHtml": true,
        "saveJson": true,
        "consoleReporter": "spec",
        "useInlineDiffs": false,
        "code": true
      },
      "version": "6.1.1"
    },
    "marge": {
      "options": null,
      "version": "5.1.0"
    }
  }
}